2025-05-20 19:00:32.176 ERROR [main] org.example.ui.EntSalida - Opcion invalida, por favor elija una opcion valida

2025-05-20 19:01:20.661 ERROR [main] org.example.ui.EntSalida - Opcion invalida, por favor elija una opcion valida

2025-05-20 19:01:44.929 INFO  [main] org.example.ui.EntSalida - Lo introducido no es un número
2025-05-20 19:02:00.970 ERROR [main] org.example.ui.EntSalida - Opcion invalida, por favor elija una opcion valida

2025-05-20 19:02:14.461 ERROR [main] org.example.ui.EntSalida - Opcion invalida, por favor elija una opcion valida

2025-05-20 21:00:50.754 ERROR [main] org.example.ui.EntSalida - El usuario ya existe
2025-05-20 21:39:46.938 ERROR [main] org.example.ui.EntSalida - Opcion invalida, por favor elija una opcion valida

2025-05-21 09:09:18.592 ERROR [main] org.example.ui.EntSalida - El usuario ya existe
2025-05-21 09:09:28.464 ERROR [main] org.example.ui.EntSalida - La contraseña o el DNI/NIE son incorrectos
2025-05-23 15:05:16.669 ERROR [main] org.example.ui.EntSalida - La contraseña o el DNI/NIE son incorrectos
2025-05-23 15:05:20.963 ERROR [main] org.example.ui.EntSalida - El usuario ya existe
2025-05-23 15:05:23.253 ERROR [main] org.example.ui.EntSalida - La contraseña o el DNI/NIE son incorrectos
2025-05-23 15:05:23.852 ERROR [main] org.example.ui.EntSalida - La contraseña o el DNI/NIE son incorrectos
2025-05-23 15:33:21.827 ERROR [main] org.example.ui.EntSalida - La contraseña o el DNI/NIE son incorrectos
2025-05-23 15:34:23.769 ERROR [main] org.example.ui.EntSalida - La contraseña o el DNI/NIE son incorrectos
2025-05-23 15:34:33.048 ERROR [main] org.example.ui.EntSalida - La contraseña o el DNI/NIE son incorrectos
2025-05-23 15:58:52.008 ERROR [main] org.example.ui.EntSalida - La contraseña o el DNI/NIE son incorrectos
2025-05-24 01:11:16.342 ERROR [main] org.example.ui.EntSalida - La contraseña o el DNI/NIE son incorrectos
2025-05-24 01:11:22.906 ERROR [main] org.example.ui.EntSalida - Caracter incorrecto
2025-05-24 01:11:22.907 ERROR [main] org.example.ui.EntSalida - Opcion invalida, por favor elija una opcion valida

2025-05-24 01:11:31.028 ERROR [main] org.example.ui.EntSalida - La contraseña o el DNI/NIE son incorrectos
2025-05-24 01:13:58.316 INFO  [main] org.example.ui.EntSalida - Lo introducido no es un número
2025-05-24 01:19:37.931 ERROR [main] org.example.ui.EntSalida - La contraseña o el DNI/NIE son incorrectos
